{"total": {"lines":{"total":5151,"covered":3555,"skipped":0,"pct":69.01},"statements":{"total":5151,"covered":3555,"skipped":0,"pct":69.01},"functions":{"total":157,"covered":74,"skipped":0,"pct":47.13},"branches":{"total":259,"covered":181,"skipped":0,"pct":69.88},"branchesTrue":{"total":0,"covered":0,"skipped":0,"pct":100}}
,"/Users/ethan/Documents/school/s26/cse120/S26-CSE-335/games.config.mjs": {"lines":{"total":9,"covered":9,"skipped":0,"pct":100},"functions":{"total":0,"covered":0,"skipped":0,"pct":100},"statements":{"total":9,"covered":9,"skipped":0,"pct":100},"branches":{"total":0,"covered":0,"skipped":0,"pct":100}}
,"/Users/ethan/Documents/school/s26/cse120/S26-CSE-335/packages/stem-assistant-bridge/src/index.ts": {"lines":{"total":217,"covered":185,"skipped":0,"pct":85.25},"functions":{"total":15,"covered":8,"skipped":0,"pct":53.33},"statements":{"total":217,"covered":185,"skipped":0,"pct":85.25},"branches":{"total":19,"covered":11,"skipped":0,"pct":57.89}}
,"/Users/ethan/Documents/school/s26/cse120/S26-CSE-335/scripts/gameSources.mjs": {"lines":{"total":87,"covered":62,"skipped":0,"pct":71.26},"functions":{"total":7,"covered":5,"skipped":0,"pct":71.42},"statements":{"total":87,"covered":62,"skipped":0,"pct":71.26},"branches":{"total":10,"covered":7,"skipped":0,"pct":70}}
,"/Users/ethan/Documents/school/s26/cse120/S26-CSE-335/scripts/generate-games.mjs": {"lines":{"total":125,"covered":120,"skipped":0,"pct":96},"functions":{"total":1,"covered":1,"skipped":0,"pct":100},"statements":{"total":125,"covered":120,"skipped":0,"pct":96},"branches":{"total":27,"covered":25,"skipped":0,"pct":92.59}}
,"/Users/ethan/Documents/school/s26/cse120/S26-CSE-335/scripts/osHelper.mjs": {"lines":{"total":31,"covered":31,"skipped":0,"pct":100},"functions":{"total":4,"covered":4,"skipped":0,"pct":100},"statements":{"total":31,"covered":31,"skipped":0,"pct":100},"branches":{"total":8,"covered":8,"skipped":0,"pct":100}}
,"/Users/ethan/Documents/school/s26/cse120/S26-CSE-335/scripts/setup-games.mjs": {"lines":{"total":216,"covered":153,"skipped":0,"pct":70.83},"functions":{"total":4,"covered":3,"skipped":0,"pct":75},"statements":{"total":216,"covered":153,"skipped":0,"pct":70.83},"branches":{"total":23,"covered":8,"skipped":0,"pct":34.78}}
,"/Users/ethan/Documents/school/s26/cse120/S26-CSE-335/scripts/setupGamesHelper.mjs": {"lines":{"total":30,"covered":30,"skipped":0,"pct":100},"functions":{"total":2,"covered":2,"skipped":0,"pct":100},"statements":{"total":30,"covered":30,"skipped":0,"pct":100},"branches":{"total":8,"covered":8,"skipped":0,"pct":100}}
,"/Users/ethan/Documents/school/s26/cse120/S26-CSE-335/scripts/utils.mjs": {"lines":{"total":26,"covered":26,"skipped":0,"pct":100},"functions":{"total":4,"covered":4,"skipped":0,"pct":100},"statements":{"total":26,"covered":26,"skipped":0,"pct":100},"branches":{"total":6,"covered":6,"skipped":0,"pct":100}}
,"/Users/ethan/Documents/school/s26/cse120/S26-CSE-335/src/app/layout.tsx": {"lines":{"total":60,"covered":60,"skipped":0,"pct":100},"functions":{"total":1,"covered":1,"skipped":0,"pct":100},"statements":{"total":60,"covered":60,"skipped":0,"pct":100},"branches":{"total":1,"covered":1,"skipped":0,"pct":100}}
,"/Users/ethan/Documents/school/s26/cse120/S26-CSE-335/src/app/page.tsx": {"lines":{"total":21,"covered":21,"skipped":0,"pct":100},"functions":{"total":1,"covered":1,"skipped":0,"pct":100},"statements":{"total":21,"covered":21,"skipped":0,"pct":100},"branches":{"total":2,"covered":2,"skipped":0,"pct":100}}
,"/Users/ethan/Documents/school/s26/cse120/S26-CSE-335/src/app/alt/page.tsx": {"lines":{"total":22,"covered":22,"skipped":0,"pct":100},"functions":{"total":1,"covered":1,"skipped":0,"pct":100},"statements":{"total":22,"covered":22,"skipped":0,"pct":100},"branches":{"total":1,"covered":1,"skipped":0,"pct":100}}
,"/Users/ethan/Documents/school/s26/cse120/S26-CSE-335/src/app/api/assistant/route.ts": {"lines":{"total":112,"covered":109,"skipped":0,"pct":97.32},"functions":{"total":4,"covered":4,"skipped":0,"pct":100},"statements":{"total":112,"covered":109,"skipped":0,"pct":97.32},"branches":{"total":25,"covered":24,"skipped":0,"pct":96}}
,"/Users/ethan/Documents/school/s26/cse120/S26-CSE-335/src/app/api/assistant/lib/schema.ts": {"lines":{"total":20,"covered":20,"skipped":0,"pct":100},"functions":{"total":0,"covered":0,"skipped":0,"pct":100},"statements":{"total":20,"covered":20,"skipped":0,"pct":100},"branches":{"total":0,"covered":0,"skipped":0,"pct":100}}
,"/Users/ethan/Documents/school/s26/cse120/S26-CSE-335/src/app/games/[slug]/page.tsx": {"lines":{"total":56,"covered":52,"skipped":0,"pct":92.85},"functions":{"total":2,"covered":1,"skipped":0,"pct":50},"statements":{"total":56,"covered":52,"skipped":0,"pct":92.85},"branches":{"total":2,"covered":2,"skipped":0,"pct":100}}
,"/Users/ethan/Documents/school/s26/cse120/S26-CSE-335/src/components/AccountSettingsPopup.tsx": {"lines":{"total":378,"covered":71,"skipped":0,"pct":18.78},"functions":{"total":3,"covered":0,"skipped":0,"pct":0},"statements":{"total":378,"covered":71,"skipped":0,"pct":18.78},"branches":{"total":0,"covered":0,"skipped":0,"pct":100}}
,"/Users/ethan/Documents/school/s26/cse120/S26-CSE-335/src/components/LocaleSwitcher.tsx": {"lines":{"total":70,"covered":7,"skipped":0,"pct":10},"functions":{"total":1,"covered":0,"skipped":0,"pct":0},"statements":{"total":70,"covered":7,"skipped":0,"pct":10},"branches":{"total":0,"covered":0,"skipped":0,"pct":100}}
,"/Users/ethan/Documents/school/s26/cse120/S26-CSE-335/src/components/LoginPopup.tsx": {"lines":{"total":296,"covered":275,"skipped":0,"pct":92.9},"functions":{"total":9,"covered":1,"skipped":0,"pct":11.11},"statements":{"total":296,"covered":275,"skipped":0,"pct":92.9},"branches":{"total":1,"covered":1,"skipped":0,"pct":100}}
,"/Users/ethan/Documents/school/s26/cse120/S26-CSE-335/src/components/ProfilePopup.tsx": {"lines":{"total":417,"covered":94,"skipped":0,"pct":22.54},"functions":{"total":2,"covered":0,"skipped":0,"pct":0},"statements":{"total":417,"covered":94,"skipped":0,"pct":22.54},"branches":{"total":0,"covered":0,"skipped":0,"pct":100}}
,"/Users/ethan/Documents/school/s26/cse120/S26-CSE-335/src/components/RecoverPasswordPopup.tsx": {"lines":{"total":188,"covered":132,"skipped":0,"pct":70.21},"functions":{"total":4,"covered":1,"skipped":0,"pct":25},"statements":{"total":188,"covered":132,"skipped":0,"pct":70.21},"branches":{"total":2,"covered":1,"skipped":0,"pct":50}}
,"/Users/ethan/Documents/school/s26/cse120/S26-CSE-335/src/components/SignupPopup.tsx": {"lines":{"total":364,"covered":327,"skipped":0,"pct":89.83},"functions":{"total":7,"covered":1,"skipped":0,"pct":14.28},"statements":{"total":364,"covered":327,"skipped":0,"pct":89.83},"branches":{"total":11,"covered":9,"skipped":0,"pct":81.81}}
,"/Users/ethan/Documents/school/s26/cse120/S26-CSE-335/src/components/game-page/DetailCard.tsx": {"lines":{"total":26,"covered":26,"skipped":0,"pct":100},"functions":{"total":1,"covered":1,"skipped":0,"pct":100},"statements":{"total":26,"covered":26,"skipped":0,"pct":100},"branches":{"total":1,"covered":1,"skipped":0,"pct":100}}
,"/Users/ethan/Documents/school/s26/cse120/S26-CSE-335/src/components/game-page/GameDescription.tsx": {"lines":{"total":37,"covered":36,"skipped":0,"pct":97.29},"functions":{"total":1,"covered":1,"skipped":0,"pct":100},"statements":{"total":37,"covered":36,"skipped":0,"pct":97.29},"branches":{"total":3,"covered":2,"skipped":0,"pct":66.66}}
,"/Users/ethan/Documents/school/s26/cse120/S26-CSE-335/src/components/game-page/GameDetails.tsx": {"lines":{"total":39,"covered":38,"skipped":0,"pct":97.43},"functions":{"total":1,"covered":1,"skipped":0,"pct":100},"statements":{"total":39,"covered":38,"skipped":0,"pct":97.43},"branches":{"total":3,"covered":1,"skipped":0,"pct":33.33}}
,"/Users/ethan/Documents/school/s26/cse120/S26-CSE-335/src/components/game-page/TutorToggle.tsx": {"lines":{"total":18,"covered":18,"skipped":0,"pct":100},"functions":{"total":1,"covered":1,"skipped":0,"pct":100},"statements":{"total":18,"covered":18,"skipped":0,"pct":100},"branches":{"total":1,"covered":1,"skipped":0,"pct":100}}
,"/Users/ethan/Documents/school/s26/cse120/S26-CSE-335/src/components/game-page/player/GameEmbed.tsx": {"lines":{"total":201,"covered":67,"skipped":0,"pct":33.33},"functions":{"total":4,"covered":3,"skipped":0,"pct":75},"statements":{"total":201,"covered":67,"skipped":0,"pct":33.33},"branches":{"total":14,"covered":6,"skipped":0,"pct":42.85}}
,"/Users/ethan/Documents/school/s26/cse120/S26-CSE-335/src/components/game-page/player/GamePlayer.tsx": {"lines":{"total":55,"covered":55,"skipped":0,"pct":100},"functions":{"total":1,"covered":1,"skipped":0,"pct":100},"statements":{"total":55,"covered":55,"skipped":0,"pct":100},"branches":{"total":1,"covered":1,"skipped":0,"pct":100}}
,"/Users/ethan/Documents/school/s26/cse120/S26-CSE-335/src/components/game-page/player/GameToolbar.tsx": {"lines":{"total":38,"covered":38,"skipped":0,"pct":100},"functions":{"total":1,"covered":1,"skipped":0,"pct":100},"statements":{"total":38,"covered":38,"skipped":0,"pct":100},"branches":{"total":1,"covered":1,"skipped":0,"pct":100}}
,"/Users/ethan/Documents/school/s26/cse120/S26-CSE-335/src/components/game-page/player/SaveProgressBanner.tsx": {"lines":{"total":91,"covered":62,"skipped":0,"pct":68.13},"functions":{"total":4,"covered":1,"skipped":0,"pct":25},"statements":{"total":91,"covered":62,"skipped":0,"pct":68.13},"branches":{"total":5,"covered":3,"skipped":0,"pct":60}}
,"/Users/ethan/Documents/school/s26/cse120/S26-CSE-335/src/components/game-page/player/toolbar/ToolbarButtons.tsx": {"lines":{"total":116,"covered":101,"skipped":0,"pct":87.06},"functions":{"total":7,"covered":2,"skipped":0,"pct":28.57},"statements":{"total":116,"covered":101,"skipped":0,"pct":87.06},"branches":{"total":16,"covered":6,"skipped":0,"pct":37.5}}
,"/Users/ethan/Documents/school/s26/cse120/S26-CSE-335/src/components/game-page/player/toolbar/ToolbarInfo.tsx": {"lines":{"total":29,"covered":29,"skipped":0,"pct":100},"functions":{"total":1,"covered":1,"skipped":0,"pct":100},"statements":{"total":29,"covered":29,"skipped":0,"pct":100},"branches":{"total":1,"covered":1,"skipped":0,"pct":100}}
,"/Users/ethan/Documents/school/s26/cse120/S26-CSE-335/src/components/home/GameListCard.tsx": {"lines":{"total":76,"covered":75,"skipped":0,"pct":98.68},"functions":{"total":1,"covered":1,"skipped":0,"pct":100},"statements":{"total":76,"covered":75,"skipped":0,"pct":98.68},"branches":{"total":3,"covered":1,"skipped":0,"pct":33.33}}
,"/Users/ethan/Documents/school/s26/cse120/S26-CSE-335/src/components/home/WelcomeBanner.tsx": {"lines":{"total":45,"covered":45,"skipped":0,"pct":100},"functions":{"total":1,"covered":1,"skipped":0,"pct":100},"statements":{"total":45,"covered":45,"skipped":0,"pct":100},"branches":{"total":1,"covered":1,"skipped":0,"pct":100}}
,"/Users/ethan/Documents/school/s26/cse120/S26-CSE-335/src/components/home/alt/GameCard.tsx": {"lines":{"total":43,"covered":43,"skipped":0,"pct":100},"functions":{"total":1,"covered":1,"skipped":0,"pct":100},"statements":{"total":43,"covered":43,"skipped":0,"pct":100},"branches":{"total":1,"covered":1,"skipped":0,"pct":100}}
,"/Users/ethan/Documents/school/s26/cse120/S26-CSE-335/src/components/home/alt/PlaceholderCard.tsx": {"lines":{"total":17,"covered":17,"skipped":0,"pct":100},"functions":{"total":1,"covered":1,"skipped":0,"pct":100},"statements":{"total":17,"covered":17,"skipped":0,"pct":100},"branches":{"total":1,"covered":1,"skipped":0,"pct":100}}
,"/Users/ethan/Documents/school/s26/cse120/S26-CSE-335/src/components/home/alt/StemSection/GameSlot.tsx": {"lines":{"total":22,"covered":22,"skipped":0,"pct":100},"functions":{"total":1,"covered":1,"skipped":0,"pct":100},"statements":{"total":22,"covered":22,"skipped":0,"pct":100},"branches":{"total":2,"covered":2,"skipped":0,"pct":100}}
,"/Users/ethan/Documents/school/s26/cse120/S26-CSE-335/src/components/home/alt/StemSection/StemSection.tsx": {"lines":{"total":43,"covered":43,"skipped":0,"pct":100},"functions":{"total":1,"covered":1,"skipped":0,"pct":100},"statements":{"total":43,"covered":43,"skipped":0,"pct":100},"branches":{"total":4,"covered":4,"skipped":0,"pct":100}}
,"/Users/ethan/Documents/school/s26/cse120/S26-CSE-335/src/components/home/alt/StemSection/index.ts": {"lines":{"total":1,"covered":1,"skipped":0,"pct":100},"functions":{"total":0,"covered":0,"skipped":0,"pct":100},"statements":{"total":1,"covered":1,"skipped":0,"pct":100},"branches":{"total":0,"covered":0,"skipped":0,"pct":100}}
,"/Users/ethan/Documents/school/s26/cse120/S26-CSE-335/src/components/layout/BottomButtons.tsx": {"lines":{"total":53,"covered":50,"skipped":0,"pct":94.33},"functions":{"total":2,"covered":1,"skipped":0,"pct":50},"statements":{"total":53,"covered":50,"skipped":0,"pct":94.33},"branches":{"total":1,"covered":1,"skipped":0,"pct":100}}
,"/Users/ethan/Documents/school/s26/cse120/S26-CSE-335/src/components/layout/LogoBrand.tsx": {"lines":{"total":39,"covered":37,"skipped":0,"pct":94.87},"functions":{"total":1,"covered":1,"skipped":0,"pct":100},"statements":{"total":39,"covered":37,"skipped":0,"pct":94.87},"branches":{"total":2,"covered":1,"skipped":0,"pct":50}}
,"/Users/ethan/Documents/school/s26/cse120/S26-CSE-335/src/components/layout/Footer/Footer.tsx": {"lines":{"total":61,"covered":61,"skipped":0,"pct":100},"functions":{"total":1,"covered":1,"skipped":0,"pct":100},"statements":{"total":61,"covered":61,"skipped":0,"pct":100},"branches":{"total":2,"covered":2,"skipped":0,"pct":100}}
,"/Users/ethan/Documents/school/s26/cse120/S26-CSE-335/src/components/layout/Header/Header.tsx": {"lines":{"total":82,"covered":75,"skipped":0,"pct":91.46},"functions":{"total":4,"covered":2,"skipped":0,"pct":50},"statements":{"total":82,"covered":75,"skipped":0,"pct":91.46},"branches":{"total":5,"covered":5,"skipped":0,"pct":100}}
,"/Users/ethan/Documents/school/s26/cse120/S26-CSE-335/src/components/layout/Header/SearchBar.tsx": {"lines":{"total":104,"covered":94,"skipped":0,"pct":90.38},"functions":{"total":7,"covered":2,"skipped":0,"pct":28.57},"statements":{"total":104,"covered":94,"skipped":0,"pct":90.38},"branches":{"total":7,"covered":6,"skipped":0,"pct":85.71}}
,"/Users/ethan/Documents/school/s26/cse120/S26-CSE-335/src/components/layout/Header/ThemeToggle.tsx": {"lines":{"total":105,"covered":104,"skipped":0,"pct":99.04},"functions":{"total":4,"covered":3,"skipped":0,"pct":75},"statements":{"total":105,"covered":104,"skipped":0,"pct":99.04},"branches":{"total":8,"covered":3,"skipped":0,"pct":37.5}}
,"/Users/ethan/Documents/school/s26/cse120/S26-CSE-335/src/components/layout/Header/UtilityNav/UtilityNav.tsx": {"lines":{"total":126,"covered":96,"skipped":0,"pct":76.19},"functions":{"total":7,"covered":1,"skipped":0,"pct":14.28},"statements":{"total":126,"covered":96,"skipped":0,"pct":76.19},"branches":{"total":4,"covered":2,"skipped":0,"pct":50}}
,"/Users/ethan/Documents/school/s26/cse120/S26-CSE-335/src/constants/layout.ts": {"lines":{"total":16,"covered":16,"skipped":0,"pct":100},"functions":{"total":0,"covered":0,"skipped":0,"pct":100},"statements":{"total":16,"covered":16,"skipped":0,"pct":100},"branches":{"total":0,"covered":0,"skipped":0,"pct":100}}
,"/Users/ethan/Documents/school/s26/cse120/S26-CSE-335/src/data/games.ts": {"lines":{"total":158,"covered":156,"skipped":0,"pct":98.73},"functions":{"total":1,"covered":0,"skipped":0,"pct":0},"statements":{"total":158,"covered":156,"skipped":0,"pct":98.73},"branches":{"total":0,"covered":0,"skipped":0,"pct":100}}
,"/Users/ethan/Documents/school/s26/cse120/S26-CSE-335/src/features/assistant/services/assistantApi.ts": {"lines":{"total":157,"covered":106,"skipped":0,"pct":67.51},"functions":{"total":4,"covered":3,"skipped":0,"pct":75},"statements":{"total":157,"covered":106,"skipped":0,"pct":67.51},"branches":{"total":20,"covered":10,"skipped":0,"pct":50}}
,"/Users/ethan/Documents/school/s26/cse120/S26-CSE-335/src/i18n/routing.ts": {"lines":{"total":18,"covered":18,"skipped":0,"pct":100},"functions":{"total":0,"covered":0,"skipped":0,"pct":100},"statements":{"total":18,"covered":18,"skipped":0,"pct":100},"branches":{"total":0,"covered":0,"skipped":0,"pct":100}}
,"/Users/ethan/Documents/school/s26/cse120/S26-CSE-335/src/lib/parseRetryAfter.ts": {"lines":{"total":7,"covered":7,"skipped":0,"pct":100},"functions":{"total":1,"covered":1,"skipped":0,"pct":100},"statements":{"total":7,"covered":7,"skipped":0,"pct":100},"branches":{"total":3,"covered":1,"skipped":0,"pct":33.33}}
,"/Users/ethan/Documents/school/s26/cse120/S26-CSE-335/src/lib/locale/switchLocale.ts": {"lines":{"total":7,"covered":4,"skipped":0,"pct":57.14},"functions":{"total":1,"covered":0,"skipped":0,"pct":0},"statements":{"total":7,"covered":4,"skipped":0,"pct":57.14},"branches":{"total":0,"covered":0,"skipped":0,"pct":100}}
,"/Users/ethan/Documents/school/s26/cse120/S26-CSE-335/src/lib/supabase/auth.ts": {"lines":{"total":135,"covered":52,"skipped":0,"pct":38.51},"functions":{"total":7,"covered":0,"skipped":0,"pct":0},"statements":{"total":135,"covered":52,"skipped":0,"pct":38.51},"branches":{"total":0,"covered":0,"skipped":0,"pct":100}}
,"/Users/ethan/Documents/school/s26/cse120/S26-CSE-335/src/lib/supabase/game-likes.ts": {"lines":{"total":75,"covered":11,"skipped":0,"pct":14.66},"functions":{"total":4,"covered":0,"skipped":0,"pct":0},"statements":{"total":75,"covered":11,"skipped":0,"pct":14.66},"branches":{"total":0,"covered":0,"skipped":0,"pct":100}}
,"/Users/ethan/Documents/school/s26/cse120/S26-CSE-335/src/lib/supabase/index.ts": {"lines":{"total":27,"covered":27,"skipped":0,"pct":100},"functions":{"total":0,"covered":0,"skipped":0,"pct":100},"statements":{"total":27,"covered":27,"skipped":0,"pct":100},"branches":{"total":0,"covered":0,"skipped":0,"pct":100}}
,"/Users/ethan/Documents/school/s26/cse120/S26-CSE-335/src/lib/supabase/play-sessions.ts": {"lines":{"total":105,"covered":11,"skipped":0,"pct":10.47},"functions":{"total":4,"covered":0,"skipped":0,"pct":0},"statements":{"total":105,"covered":11,"skipped":0,"pct":10.47},"branches":{"total":0,"covered":0,"skipped":0,"pct":100}}
,"/Users/ethan/Documents/school/s26/cse120/S26-CSE-335/src/lib/supabase/server.ts": {"lines":{"total":10,"covered":8,"skipped":0,"pct":80},"functions":{"total":1,"covered":0,"skipped":0,"pct":0},"statements":{"total":10,"covered":8,"skipped":0,"pct":80},"branches":{"total":0,"covered":0,"skipped":0,"pct":100}}
,"/Users/ethan/Documents/school/s26/cse120/S26-CSE-335/src/lib/supabase/user-profile.ts": {"lines":{"total":161,"covered":53,"skipped":0,"pct":32.91},"functions":{"total":7,"covered":2,"skipped":0,"pct":28.57},"statements":{"total":161,"covered":53,"skipped":0,"pct":32.91},"branches":{"total":3,"covered":3,"skipped":0,"pct":100}}
,"/Users/ethan/Documents/school/s26/cse120/S26-CSE-335/src/lib/utils/generateUsername.ts": {"lines":{"total":35,"covered":19,"skipped":0,"pct":54.28},"functions":{"total":1,"covered":0,"skipped":0,"pct":0},"statements":{"total":35,"covered":19,"skipped":0,"pct":54.28},"branches":{"total":0,"covered":0,"skipped":0,"pct":100}}
,"/Users/ethan/Documents/school/s26/cse120/S26-CSE-335/src/themes/default.ts": {"lines":{"total":28,"covered":28,"skipped":0,"pct":100},"functions":{"total":0,"covered":0,"skipped":0,"pct":100},"statements":{"total":28,"covered":28,"skipped":0,"pct":100},"branches":{"total":0,"covered":0,"skipped":0,"pct":100}}
}
